<?xml version="1.0" encoding="UTF-8"?>
<coverage generated="1670714775605" clover="3.2.0">
  <project timestamp="1670714775605" name="All files">
    <metrics statements="13" coveredstatements="13" conditionals="2" coveredconditionals="2" methods="8" coveredmethods="8" elements="23" coveredelements="23" complexity="0" loc="13" ncloc="13" packages="1" files="1" classes="1"/>
    <file name="CitySearch.js" path="/Users/faratim/Documents/GitHub/meet-app/src/CitySearch.js">
      <metrics statements="13" coveredstatements="13" conditionals="2" coveredconditionals="2" methods="8" coveredmethods="8"/>
      <line num="12" count="9" type="stmt"/>
      <line num="18" count="9" type="stmt"/>
      <line num="19" count="2" type="stmt"/>
      <line num="20" count="2" type="stmt"/>
      <line num="21" count="4" type="stmt"/>
      <line num="23" count="2" type="stmt"/>
      <line num="29" count="9" type="stmt"/>
      <line num="30" count="4" type="stmt"/>
      <line num="35" count="4" type="stmt"/>
      <line num="39" count="32" type="stmt"/>
      <line num="48" count="1" type="stmt"/>
      <line num="53" count="17" type="stmt"/>
      <line num="57" count="1" type="stmt"/>
    </file>
  </project>
</coverage>
