<?xml version="1.0" encoding="UTF-8"?>
<coverage generated="1670792682014" clover="3.2.0">
  <project timestamp="1670792682014" name="All files">
    <metrics statements="12" coveredstatements="12" conditionals="2" coveredconditionals="2" methods="5" coveredmethods="5" elements="19" coveredelements="19" complexity="0" loc="12" ncloc="12" packages="1" files="3" classes="3"/>
    <file name="Event.js" path="/Users/faratim/Documents/GitHub/meet-app/src/Event.js">
      <metrics statements="7" coveredstatements="7" conditionals="2" coveredconditionals="2" methods="3" coveredmethods="3"/>
      <line num="4" count="1" type="stmt"/>
      <line num="8" count="1" type="stmt"/>
      <line num="9" count="1" type="stmt"/>
      <line num="12" count="1" type="stmt"/>
      <line num="13" count="1" type="stmt"/>
      <line num="17" count="3" type="stmt"/>
      <line num="19" count="3" type="stmt"/>
    </file>
    <file name="EventList.js" path="/Users/faratim/Documents/GitHub/meet-app/src/EventList.js">
      <metrics statements="3" coveredstatements="3" conditionals="0" coveredconditionals="0" methods="2" coveredmethods="2"/>
      <line num="6" count="1" type="stmt"/>
      <line num="7" count="1" type="stmt"/>
      <line num="10" count="2" type="stmt"/>
    </file>
    <file name="mock-data.js" path="/Users/faratim/Documents/GitHub/meet-app/src/mock-data.js">
      <metrics statements="2" coveredstatements="2" conditionals="0" coveredconditionals="0" methods="0" coveredmethods="0"/>
      <line num="1" count="2" type="stmt"/>
      <line num="82" count="2" type="stmt"/>
    </file>
  </project>
</coverage>
