{"/Users/faratim/Documents/GitHub/meet-app/src/CitySearch.js": {"path":"/Users/faratim/Documents/GitHub/meet-app/src/CitySearch.js","statementMap":{"0":{"start":{"line":12,"column":12},"end":{"line":16,"column":5}},"1":{"start":{"line":18,"column":25},"end":{"line":27,"column":5}},"2":{"start":{"line":19,"column":22},"end":{"line":19,"column":40}},"3":{"start":{"line":20,"column":28},"end":{"line":22,"column":10}},"4":{"start":{"line":21,"column":12},"end":{"line":21,"column":76}},"5":{"start":{"line":23,"column":8},"end":{"line":26,"column":11}},"6":{"start":{"line":29,"column":24},"end":{"line":36,"column":5}},"7":{"start":{"line":30,"column":8},"end":{"line":33,"column":11}},"8":{"start":{"line":35,"column":8},"end":{"line":35,"column":44}},"9":{"start":{"line":39,"column":8},"end":{"line":62,"column":10}},"10":{"start":{"line":48,"column":24},"end":{"line":48,"column":65}},"11":{"start":{"line":53,"column":24},"end":{"line":55,"column":29}},"12":{"start":{"line":53,"column":60},"end":{"line":53,"column":94}},"13":{"start":{"line":57,"column":49},"end":{"line":57,"column":78}}},"fnMap":{"0":{"name":"(anonymous_0)","decl":{"start":{"line":18,"column":25},"end":{"line":18,"column":26}},"loc":{"start":{"line":18,"column":36},"end":{"line":27,"column":5}},"line":18},"1":{"name":"(anonymous_1)","decl":{"start":{"line":20,"column":56},"end":{"line":20,"column":57}},"loc":{"start":{"line":20,"column":70},"end":{"line":22,"column":9}},"line":20},"2":{"name":"(anonymous_2)","decl":{"start":{"line":29,"column":24},"end":{"line":29,"column":25}},"loc":{"start":{"line":29,"column":40},"end":{"line":36,"column":5}},"line":29},"3":{"name":"(anonymous_3)","decl":{"start":{"line":38,"column":4},"end":{"line":38,"column":5}},"loc":{"start":{"line":38,"column":13},"end":{"line":63,"column":5}},"line":38},"4":{"name":"(anonymous_4)","decl":{"start":{"line":47,"column":29},"end":{"line":47,"column":30}},"loc":{"start":{"line":47,"column":35},"end":{"line":49,"column":21}},"line":47},"5":{"name":"(anonymous_5)","decl":{"start":{"line":52,"column":48},"end":{"line":52,"column":49}},"loc":{"start":{"line":53,"column":24},"end":{"line":55,"column":29}},"line":53},"6":{"name":"(anonymous_6)","decl":{"start":{"line":53,"column":54},"end":{"line":53,"column":55}},"loc":{"start":{"line":53,"column":60},"end":{"line":53,"column":94}},"line":53},"7":{"name":"(anonymous_7)","decl":{"start":{"line":57,"column":43},"end":{"line":57,"column":44}},"loc":{"start":{"line":57,"column":49},"end":{"line":57,"column":78}},"line":57}},"branchMap":{"0":{"loc":{"start":{"line":51,"column":51},"end":{"line":51,"column":104}},"type":"cond-expr","locations":[{"start":{"line":51,"column":80},"end":{"line":51,"column":82}},{"start":{"line":51,"column":85},"end":{"line":51,"column":104}}],"line":51}},"s":{"0":9,"1":9,"2":2,"3":2,"4":4,"5":2,"6":9,"7":4,"8":4,"9":32,"10":1,"11":17,"12":2,"13":1},"f":{"0":2,"1":4,"2":4,"3":32,"4":1,"5":17,"6":2,"7":1},"b":{"0":[1,31]},"_coverageSchema":"1a1c01bbd47fc00a2c39e90264f33305004495a9","hash":"9545766792377b86552a5ef5d4763d1d409d40e5"}
}
