{"/Users/faratim/Documents/GitHub/meet-app/src/Event.js": {"path":"/Users/faratim/Documents/GitHub/meet-app/src/Event.js","statementMap":{"0":{"start":{"line":4,"column":12},"end":{"line":6,"column":5}},"1":{"start":{"line":8,"column":27},"end":{"line":10,"column":5}},"2":{"start":{"line":9,"column":8},"end":{"line":9,"column":48}},"3":{"start":{"line":12,"column":27},"end":{"line":14,"column":5}},"4":{"start":{"line":13,"column":8},"end":{"line":13,"column":47}},"5":{"start":{"line":17,"column":26},"end":{"line":17,"column":36}},"6":{"start":{"line":19,"column":8},"end":{"line":42,"column":10}}},"fnMap":{"0":{"name":"(anonymous_0)","decl":{"start":{"line":8,"column":27},"end":{"line":8,"column":28}},"loc":{"start":{"line":8,"column":33},"end":{"line":10,"column":5}},"line":8},"1":{"name":"(anonymous_1)","decl":{"start":{"line":12,"column":27},"end":{"line":12,"column":28}},"loc":{"start":{"line":12,"column":33},"end":{"line":14,"column":5}},"line":12},"2":{"name":"(anonymous_2)","decl":{"start":{"line":16,"column":4},"end":{"line":16,"column":5}},"loc":{"start":{"line":16,"column":13},"end":{"line":43,"column":5}},"line":16}},"branchMap":{"0":{"loc":{"start":{"line":26,"column":17},"end":{"line":40,"column":17}},"type":"cond-expr","locations":[{"start":{"line":27,"column":20},"end":{"line":29,"column":29}},{"start":{"line":31,"column":20},"end":{"line":39,"column":26}}],"line":26}},"s":{"0":1,"1":1,"2":1,"3":1,"4":1,"5":3,"6":3},"f":{"0":1,"1":1,"2":3},"b":{"0":[2,1]},"_coverageSchema":"1a1c01bbd47fc00a2c39e90264f33305004495a9","hash":"dd15ba3369914026fc21bda48daa5853f0edcd4f"}
,"/Users/faratim/Documents/GitHub/meet-app/src/EventList.js": {"path":"/Users/faratim/Documents/GitHub/meet-app/src/EventList.js","statementMap":{"0":{"start":{"line":6,"column":23},"end":{"line":6,"column":33}},"1":{"start":{"line":7,"column":4},"end":{"line":15,"column":6}},"2":{"start":{"line":10,"column":10},"end":{"line":12,"column":15}}},"fnMap":{"0":{"name":"(anonymous_0)","decl":{"start":{"line":5,"column":2},"end":{"line":5,"column":3}},"loc":{"start":{"line":5,"column":11},"end":{"line":16,"column":3}},"line":5},"1":{"name":"(anonymous_1)","decl":{"start":{"line":9,"column":20},"end":{"line":9,"column":21}},"loc":{"start":{"line":10,"column":10},"end":{"line":12,"column":15}},"line":10}},"branchMap":{},"s":{"0":1,"1":1,"2":2},"f":{"0":1,"1":2},"b":{},"_coverageSchema":"1a1c01bbd47fc00a2c39e90264f33305004495a9","hash":"b3343c963e6539decb212ae83ab5f9874917337a"}
,"/Users/faratim/Documents/GitHub/meet-app/src/mock-data.js": {"path":"/Users/faratim/Documents/GitHub/meet-app/src/mock-data.js","statementMap":{"0":{"start":{"line":1,"column":15},"end":{"line":80,"column":1}},"1":{"start":{"line":82,"column":0},"end":{"line":82,"column":48}}},"fnMap":{},"branchMap":{},"s":{"0":2,"1":2},"f":{},"b":{},"_coverageSchema":"1a1c01bbd47fc00a2c39e90264f33305004495a9","hash":"2d907f8f7e7022cd36b7a3f504069ed66f4c361f"}
}
