TN:
SF:src/CitySearch.js
FN:18,(anonymous_0)
FN:20,(anonymous_1)
FN:29,(anonymous_2)
FN:38,(anonymous_3)
FN:47,(anonymous_4)
FN:52,(anonymous_5)
FN:53,(anonymous_6)
FN:57,(anonymous_7)
FNF:8
FNH:8
FNDA:2,(anonymous_0)
FNDA:4,(anonymous_1)
FNDA:4,(anonymous_2)
FNDA:32,(anonymous_3)
FNDA:1,(anonymous_4)
FNDA:17,(anonymous_5)
FNDA:2,(anonymous_6)
FNDA:1,(anonymous_7)
DA:12,9
DA:18,9
DA:19,2
DA:20,2
DA:21,4
DA:23,2
DA:29,9
DA:30,4
DA:35,4
DA:39,32
DA:48,1
DA:53,17
DA:57,1
LF:13
LH:13
BRDA:51,0,0,1
BRDA:51,0,1,31
BRF:2
BRH:2
end_of_record
